<?xml version="1.0" encoding="UTF-8"?>
<!-- Generated by org.testng.reporters.JUnitReportReporter -->
<testsuite skipped="0" hostname="DESKTOP-1E6L4T6" name="com.datadriven.Read_Data" tests="1" failures="0" timestamp="2021-12-20T19:13:32 IST" time="0.951" errors="0">
  <testcase name="main" time="0.951" classname="com.datadriven.Read_Data"/>
  <system-out/>
</testsuite> <!-- com.datadriven.Read_Data -->
